<?xml version="1.0" encoding="UTF-8"?>
<!-- Generated by org.testng.reporters.JUnitReportReporter -->
<testsuite hostname="YASWANTHs-MacBook-Pro.local" failures="0" tests="1" name="com.YahooMail.testCases.TC_Dummy" time="49.408" errors="0" timestamp="2021-03-31T16:02:36 IST" skipped="0">
  <testcase classname="com.YahooMail.testCases.TC_Dummy" name="dummy" time="49.408"/>
  <system-out/>
</testsuite> <!-- com.YahooMail.testCases.TC_Dummy -->
