<?xml version="1.0" encoding="UTF-8"?>
<!-- Generated by org.testng.reporters.JUnitReportReporter -->
<testsuite hostname="DESKTOP-0DO8TIE" failures="0" tests="2" name="com.YahooMail.testCases.TC_ReadMails" time="338.407" errors="0" timestamp="2021-05-26T23:28:05 IST" skipped="0">
  <testcase classname="com.YahooMail.testCases.TC_ReadMails" name="loginYahooMailTTD" time="178.186"/>
  <system-out/>
  <testcase classname="com.YahooMail.testCases.TC_ReadMails" name="loginYahooMailTTD" time="160.221"/>
  <system-out/>
</testsuite> <!-- com.YahooMail.testCases.TC_ReadMails -->
